[2026-02-05 15:01:02] [INFO] [DB_Loader] STREAMING DATA, NUMBER OF COLUMNS: 55...
[2026-02-05 15:01:02] [ERROR] [DB_Loader] DATA LOADED FAILED: Execution failed on sql 'SELECT perm_no, date_fmt, target_ret_excess, mvel1, bm, mom12m FROM gold_panel ORDER BY date_fmt': no such column: perm_no
[2026-02-05 15:01:02] [INFO] [DB_Loader] CONNECTION CLOSED
[2026-02-05 15:02:28] [INFO] [DB_Loader] STREAMING DATA, NUMBER OF COLUMNS: 54...
[2026-02-05 15:02:48] [INFO] [DB_Loader] DATA LOADED SUCCESSFULLY. USING: 0.16 GB
[2026-02-05 15:02:48] [INFO] [DB_Loader] CONNECTION CLOSED
[2026-02-05 15:09:08] [INFO] [DB_Loader] STREAMING DATA, NUMBER OF COLUMNS: 54...
[2026-02-05 15:09:19] [INFO] [DB_Loader] DATA LOADED SUCCESSFULLY. USING: 0.16 GB
[2026-02-05 15:09:19] [INFO] [DB_Loader] CONNECTION CLOSED
[2026-02-05 15:10:38] [INFO] [DB_Loader] STREAMING DATA, NUMBER OF COLUMNS: 3...
[2026-02-05 15:10:49] [INFO] [DB_Loader] DATA LOADED SUCCESSFULLY. USING: 0.16 GB
[2026-02-05 15:10:49] [INFO] [DB_Loader] CONNECTION CLOSED
[2026-02-05 15:15:59] [INFO] [DB_Loader] STREAMING DATA, NUMBER OF COLUMNS: 8...
[2026-02-05 15:16:13] [INFO] [DB_Loader] DATA LOADED SUCCESSFULLY. USING: 0.21 GB
[2026-02-05 15:16:13] [INFO] [DB_Loader] CONNECTION CLOSED
[2026-02-05 15:31:47] [INFO] [DB_Loader] STREAMING DATA, NUMBER OF COLUMNS: 8...
[2026-02-05 15:32:01] [INFO] [DB_Loader] DATA LOADED SUCCESSFULLY. USING: 0.21 GB
[2026-02-05 15:32:01] [INFO] [DB_Loader] CONNECTION CLOSED
[2026-02-05 15:43:30] [INFO] [DB_Loader] STREAMING DATA, NUMBER OF COLUMNS: 8...
[2026-02-05 15:43:40] [INFO] [DB_Loader] CONNECTION CLOSED
[2026-02-05 15:43:42] [INFO] [DB_Loader] STREAMING DATA, NUMBER OF COLUMNS: 8...
[2026-02-05 15:43:56] [INFO] [DB_Loader] DATA LOADED SUCCESSFULLY. USING: 0.21 GB
[2026-02-05 15:43:56] [INFO] [DB_Loader] CONNECTION CLOSED
[2026-02-05 15:44:46] [INFO] [DB_Loader] STREAMING DATA, NUMBER OF COLUMNS: 8...
[2026-02-05 15:44:59] [INFO] [DB_Loader] DATA LOADED SUCCESSFULLY. USING: 0.13 GB
[2026-02-05 15:44:59] [INFO] [DB_Loader] CONNECTION CLOSED
[2026-02-05 15:50:54] [INFO] [DB_Loader] STREAMING DATA, ALL COLUMNS...
