[2026-02-06 18:25:59] [INFO] [ParquetLoader] REQ: Loading 9 columns...
[2026-02-06 18:25:59] [INFO] [ParquetLoader] SOURCE: data/processed/lakehouse.sqlite
[2026-02-06 18:25:59] [ERROR] [ParquetLoader] PARQUET LOAD FAILED: Could not open Parquet input source '<Buffer>': Parquet magic bytes not found in footer. Either the file is corrupted or this is not a parquet file.
[2026-02-06 18:28:18] [INFO] [ParquetLoader] REQ: Loading 9 columns...
[2026-02-06 18:28:18] [INFO] [ParquetLoader] SOURCE: data/processed/gold_panel
[2026-02-06 18:28:20] [INFO] [ParquetLoader] LOAD COMPLETE. Shape: (3280700, 9) | RAM: 0.13 GB
[2026-02-06 18:28:45] [INFO] [ParquetLoader] REQ: Loading ALL columns...
[2026-02-06 18:28:45] [INFO] [ParquetLoader] SOURCE: data/processed/gold_panel
[2026-02-06 18:28:59] [INFO] [ParquetLoader] LOAD COMPLETE. Shape: (3280700, 100) | RAM: 1.33 GB
[2026-02-06 18:31:16] [INFO] [ParquetLoader] REQ: Loading ALL columns...
[2026-02-06 18:31:16] [INFO] [ParquetLoader] SOURCE: data/processed/gold_panel
[2026-02-06 18:31:32] [INFO] [ParquetLoader] LOAD COMPLETE. Shape: (3280700, 100) | RAM: 1.33 GB
[2026-02-06 18:31:56] [INFO] [ParquetLoader] REQ: Loading ALL columns...
[2026-02-06 18:31:56] [INFO] [ParquetLoader] SOURCE: data/processed/gold_panel
[2026-02-06 18:32:12] [INFO] [ParquetLoader] LOAD COMPLETE. Shape: (3280700, 100) | RAM: 1.33 GB
[2026-02-06 18:32:36] [INFO] [ParquetLoader] REQ: Loading ALL columns...
[2026-02-06 18:32:36] [INFO] [ParquetLoader] SOURCE: data/processed/gold_panel
[2026-02-06 18:33:13] [INFO] [ParquetLoader] LOAD COMPLETE. Shape: (3280700, 100) | RAM: 1.33 GB
[2026-02-06 19:20:57] [INFO] [ParquetLoader] REQ: Loading ALL columns...
[2026-02-06 19:20:57] [INFO] [ParquetLoader] SOURCE: data/processed/gold_panel
[2026-02-06 19:21:14] [INFO] [ParquetLoader] LOAD COMPLETE. Shape: (3280700, 100) | RAM: 1.33 GB
