[2026-02-04 12:46:21] [INFO] [Trainer] STARTING EXPERIMENT: OLS+H
[2026-02-04 12:46:21] [INFO] [Trainer]    ... Fitting Final Model
[2026-02-04 12:46:26] [INFO] [Trainer] RESULT OLS+H: R2_OOS=-0.00988, RMSE=0.19118
[2026-02-04 12:46:26] [INFO] [Trainer] STARTING EXPERIMENT: OLS-3+H
[2026-02-04 12:46:26] [INFO] [Trainer]    ... Fitting Final Model
[2026-02-04 12:46:30] [INFO] [Trainer] RESULT OLS-3+H: R2_OOS=-0.00751, RMSE=0.19096
[2026-02-04 12:46:30] [INFO] [Trainer] STARTING EXPERIMENT: ENET-3+H
[2026-02-04 12:46:31] [INFO] [Trainer]    ... Tuning with Optuna (30 trials)
[2026-02-04 12:49:09] [INFO] [Trainer]    ... Best Params: {'alpha': 0.0030476680652465485, 'l1_ratio': 0.5268839321421274}
[2026-02-04 12:49:09] [INFO] [Trainer]    ... Fitting Final Model
[2026-02-04 12:49:15] [INFO] [Trainer] RESULT ENET-3+H: R2_OOS=-0.00221, RMSE=0.19046
[2026-02-05 15:02:57] [INFO] [Trainer] STARTING EXPERIMENT: OLS+H
[2026-02-05 15:02:58] [INFO] [Trainer]    ... Fitting Final Model
[2026-02-05 15:03:02] [INFO] [Trainer] RESULT OLS+H: R2_OOS=-0.00751, RMSE=0.19096
[2026-02-05 15:03:02] [INFO] [Trainer] STARTING EXPERIMENT: OLS-3+H
[2026-02-05 15:03:02] [INFO] [Trainer]    ... Fitting Final Model
[2026-02-05 15:03:06] [INFO] [Trainer] RESULT OLS-3+H: R2_OOS=-0.00751, RMSE=0.19096
[2026-02-05 15:03:06] [INFO] [Trainer] STARTING EXPERIMENT: ENET-3+H
[2026-02-05 15:03:06] [INFO] [Trainer]    ... Tuning with Optuna (30 trials)
[2026-02-05 15:05:28] [INFO] [Trainer]    ... Best Params: {'alpha': 0.0001, 'l1_ratio': 0.15}
[2026-02-05 15:05:28] [INFO] [Trainer]    ... Fitting Final Model
[2026-02-05 15:05:32] [INFO] [Trainer] RESULT ENET-3+H: R2_OOS=-0.00674, RMSE=0.19089
[2026-02-05 15:09:19] [INFO] [Trainer] STARTING EXPERIMENT: OLS+H
[2026-02-05 15:09:19] [INFO] [Trainer]    ... Fitting Final Model
[2026-02-05 15:09:23] [INFO] [Trainer] RESULT OLS+H: R2_OOS=-0.00751, RMSE=0.19096
[2026-02-05 15:09:23] [INFO] [Trainer] STARTING EXPERIMENT: OLS-3+H
[2026-02-05 15:09:23] [INFO] [Trainer]    ... Fitting Final Model
[2026-02-05 15:09:27] [INFO] [Trainer] RESULT OLS-3+H: R2_OOS=-0.00751, RMSE=0.19096
[2026-02-05 15:09:27] [INFO] [Trainer] STARTING EXPERIMENT: ENET-3+H
[2026-02-05 15:09:27] [INFO] [Trainer]    ... Tuning with Optuna (30 trials)
[2026-02-05 15:10:49] [INFO] [Trainer] STARTING EXPERIMENT: OLS+H
[2026-02-05 15:10:49] [INFO] [Trainer]    ... Fitting Final Model
[2026-02-05 15:10:54] [INFO] [Trainer] RESULT OLS+H: R2_OOS=-0.00751, RMSE=0.19096
[2026-02-05 15:10:54] [INFO] [Trainer] STARTING EXPERIMENT: OLS-3+H
[2026-02-05 15:10:54] [INFO] [Trainer]    ... Fitting Final Model
[2026-02-05 15:10:58] [INFO] [Trainer] RESULT OLS-3+H: R2_OOS=-0.00751, RMSE=0.19096
[2026-02-05 15:10:58] [INFO] [Trainer] STARTING EXPERIMENT: ENET-3+H
[2026-02-05 15:10:58] [INFO] [Trainer]    ... Tuning with Optuna (30 trials)
[2026-02-05 15:13:41] [INFO] [Trainer]    ... Best Params: {'alpha': 0.0001, 'l1_ratio': 0.15}
[2026-02-05 15:13:41] [INFO] [Trainer]    ... Fitting Final Model
[2026-02-05 15:13:45] [INFO] [Trainer] RESULT ENET-3+H: R2_OOS=-0.00751, RMSE=0.19096
[2026-02-05 15:32:01] [INFO] [Trainer] STARTING EXPERIMENT: OLS+H
[2026-02-05 15:32:02] [INFO] [Trainer]    ... Fitting Final Model
[2026-02-05 15:32:08] [INFO] [Trainer] RESULT OLS+H: R2_OOS=-0.00988, RMSE=0.19118
[2026-02-05 15:32:08] [INFO] [Trainer] STARTING EXPERIMENT: OLS-3+H
[2026-02-05 15:32:09] [INFO] [Trainer]    ... Fitting Final Model
[2026-02-05 15:32:13] [INFO] [Trainer] RESULT OLS-3+H: R2_OOS=-0.00751, RMSE=0.19096
[2026-02-05 15:32:13] [INFO] [Trainer] STARTING EXPERIMENT: ENET-3+H
[2026-02-05 15:32:13] [INFO] [Trainer]    ... Tuning with Optuna (30 trials)
[2026-02-05 15:34:42] [INFO] [Trainer]    ... Best Params: {'alpha': 0.0001, 'l1_ratio': 0.15}
[2026-02-05 15:34:42] [INFO] [Trainer]    ... Fitting Final Model
[2026-02-05 15:34:47] [INFO] [Trainer] RESULT ENET-3+H: R2_OOS=-0.00758, RMSE=0.19097
[2026-02-05 21:22:19] [INFO] [Trainer] STARTING EXPERIMENT: OLS+H
[2026-02-05 21:22:19] [INFO] [Trainer]    ... Fitting Final Model
[2026-02-05 21:22:27] [INFO] [Trainer] RESULT OLS+H: R2_OOS=-0.00988, RMSE=0.19118
[2026-02-05 21:22:27] [INFO] [Trainer] STARTING EXPERIMENT: OLS-3+H
[2026-02-05 21:22:27] [INFO] [Trainer]    ... Fitting Final Model
[2026-02-05 21:22:33] [INFO] [Trainer] RESULT OLS-3+H: R2_OOS=-0.00751, RMSE=0.19096
[2026-02-05 21:22:33] [INFO] [Trainer] STARTING EXPERIMENT: ENet+H
[2026-02-05 21:22:33] [INFO] [Trainer]    ... Tuning with Optuna (30 trials)
[2026-02-05 21:26:06] [INFO] [Trainer]    ... Best Params: {'alpha': 0.0001, 'l1_ratio': 0.15}
[2026-02-05 21:26:06] [INFO] [Trainer]    ... Fitting Final Model
[2026-02-05 21:26:12] [INFO] [Trainer] RESULT ENet+H: R2_OOS=-0.00932, RMSE=0.19113
[2026-02-05 21:26:12] [INFO] [Trainer] STARTING EXPERIMENT: PCR
[2026-02-05 21:26:12] [INFO] [Trainer]    ... Tuning with Optuna (30 trials)
[2026-02-05 21:41:41] [INFO] [Trainer] STARTING EXPERIMENT: PCR
[2026-02-05 21:41:42] [INFO] [Trainer]    ... Fitting Final Model
[2026-02-05 21:45:31] [INFO] [Trainer] STARTING EXPERIMENT: PCR
[2026-02-05 21:45:32] [INFO] [Trainer]    ... Fitting Final Model
[2026-02-05 21:45:32] [INFO] [Trainer] RESULT PCR: R2_OOS=0.00176, RMSE=0.19008
[2026-02-05 21:45:32] [INFO] [Trainer] STARTING EXPERIMENT: RF
[2026-02-05 21:45:32] [INFO] [Trainer]    ... Tuning with Optuna (30 trials)
[2026-02-05 21:51:50] [INFO] [Trainer] STARTING EXPERIMENT: OLS+H
[2026-02-05 21:51:51] [INFO] [Trainer]    ... Fitting Final Model
[2026-02-05 21:51:56] [INFO] [Trainer] RESULT OLS+H: R2_OOS=-0.00988, RMSE=0.19118
[2026-02-05 21:51:56] [INFO] [Trainer] STARTING EXPERIMENT: OLS-3+H
[2026-02-05 21:51:56] [INFO] [Trainer]    ... Fitting Final Model
[2026-02-05 21:52:01] [INFO] [Trainer] RESULT OLS-3+H: R2_OOS=-0.00751, RMSE=0.19096
[2026-02-05 21:52:01] [INFO] [Trainer] STARTING EXPERIMENT: ENet+H
[2026-02-05 21:52:01] [INFO] [Trainer]    ... Tuning with Optuna (30 trials)
[2026-02-05 21:55:02] [INFO] [Trainer]    ... Best Params: {'alpha': 0.0001, 'l1_ratio': 0.15}
[2026-02-05 21:55:02] [INFO] [Trainer]    ... Fitting Final Model
[2026-02-05 21:55:07] [INFO] [Trainer] RESULT ENet+H: R2_OOS=-0.01040, RMSE=0.19123
[2026-02-05 21:55:07] [INFO] [Trainer] STARTING EXPERIMENT: PCR
[2026-02-05 21:55:07] [INFO] [Trainer]    ... Fitting Final Model
[2026-02-05 21:55:07] [INFO] [Trainer] RESULT PCR: R2_OOS=0.00176, RMSE=0.19008
[2026-02-06 18:32:13] [INFO] [Trainer] STARTING EXPERIMENT: OLS+H
[2026-02-06 18:32:14] [INFO] [Trainer]    ... Fitting Final Model
[2026-02-06 18:33:14] [INFO] [Trainer] STARTING EXPERIMENT: OLS+H
[2026-02-06 18:33:15] [INFO] [Trainer]    ... Fitting Final Model
[2026-02-06 18:35:06] [INFO] [Trainer] RESULT OLS+H: R2_OOS=-0.00986, RMSE=0.19295
[2026-02-06 18:35:06] [INFO] [Trainer] STARTING EXPERIMENT: OLS-3+H
[2026-02-06 18:35:07] [INFO] [Trainer]    ... Fitting Final Model
[2026-02-06 18:35:12] [INFO] [Trainer] RESULT OLS-3+H: R2_OOS=-0.00820, RMSE=0.19279
[2026-02-06 18:35:12] [INFO] [Trainer] STARTING EXPERIMENT: PCR
[2026-02-06 18:35:12] [INFO] [Trainer]    ... Fitting Final Model
[2026-02-06 18:35:17] [INFO] [Trainer] RESULT PCR: R2_OOS=0.00318, RMSE=0.19170
[2026-02-06 19:21:14] [INFO] [Trainer] STARTING EXPERIMENT: OLS+H
[2026-02-06 19:21:14] [INFO] [Trainer] Split Date: 2008-12-31 00:00:00 | Train Rows: 2698578 | Test Rows: 582122
[2026-02-06 19:21:15] [INFO] [Trainer]    ... Fitting Final Model
[2026-02-06 19:26:15] [INFO] [Trainer] RESULT OLS+H: R2_OOS=-0.00950, RMSE=0.19291
[2026-02-06 19:26:15] [INFO] [Trainer] STARTING EXPERIMENT: OLS-3+H
[2026-02-06 19:26:15] [INFO] [Trainer] Split Date: 2008-12-31 00:00:00 | Train Rows: 2698578 | Test Rows: 582122
[2026-02-06 19:26:16] [INFO] [Trainer]    ... Fitting Final Model
[2026-02-06 19:26:21] [INFO] [Trainer] RESULT OLS-3+H: R2_OOS=-0.00820, RMSE=0.19279
[2026-02-06 19:26:21] [INFO] [Trainer] STARTING EXPERIMENT: PCR
[2026-02-06 19:26:21] [INFO] [Trainer] Split Date: 2008-12-31 00:00:00 | Train Rows: 2698578 | Test Rows: 582122
[2026-02-06 19:26:22] [INFO] [Trainer]    ... Fitting Final Model
[2026-02-06 19:26:23] [INFO] [Trainer] RESULT PCR: R2_OOS=0.00428, RMSE=0.19159
[2026-02-07 20:16:36] [INFO] [Trainer] --- STARTING EXPERIMENT: ENet+H ---
[2026-02-07 20:16:36] [INFO] [Trainer] Time Split: 2008-12-31 | Train: 2698578 | Test: 582122
[2026-02-07 20:16:38] [INFO] [Trainer]    > Tuning with Optuna (30 trials)...
[2026-02-07 22:50:49] [INFO] [Trainer] --- STARTING EXPERIMENT: ENet+H ---
[2026-02-07 22:50:49] [INFO] [Trainer] Time Split: 2008-12-31 | Train: 2698578 | Test: 582122
[2026-02-07 22:50:51] [INFO] [Trainer]    > Tuning with Optuna (1 trials)...
[2026-02-08 16:09:56] [INFO] [Trainer] --- STARTING EXPERIMENT: OLS+H ---
[2026-02-08 16:09:56] [INFO] [Trainer] Time Split: 2008-12-31 | Train: 2698578 | Test: 582122
[2026-02-08 16:09:57] [INFO] [Trainer]    > Tuning OLS+H with Optuna (1 trials)...
[2026-02-08 16:14:36] [INFO] [Trainer]    > Study Best Value: -0.00258
[2026-02-08 16:14:36] [INFO] [Trainer]    > Study Best Params: {'epsilon': 1.5304625871720496, 'alpha': 2.842902278712159e-05}
[2026-02-08 16:14:36] [INFO] [Trainer]    > Saved best params to data/params\OLS+H.json
[2026-02-08 16:14:36] [INFO] [Trainer]    > Training Final Model (OLS+H)...
[2026-02-08 16:18:39] [INFO] [Trainer] RESULT OLS+H: R2_OOS=-0.00104 | RMSE=0.19210
[2026-02-08 16:18:39] [INFO] [Trainer] --- STARTING EXPERIMENT: OLS-3+H ---
[2026-02-08 16:18:39] [INFO] [Trainer] Time Split: 2008-12-31 | Train: 2698578 | Test: 582122
[2026-02-08 16:18:41] [INFO] [Trainer]    > Tuning OLS-3+H with Optuna (1 trials)...
[2026-02-08 16:18:50] [INFO] [Trainer]    > Study Best Value: -0.00192
[2026-02-08 16:18:50] [INFO] [Trainer]    > Study Best Params: {'epsilon': 1.0562448227549837, 'alpha': 0.000262737311438211}
[2026-02-08 16:18:50] [INFO] [Trainer]    > Saved best params to data/params\OLS-3+H.json
[2026-02-08 16:18:50] [INFO] [Trainer]    > Training Final Model (OLS-3+H)...
[2026-02-08 16:18:56] [INFO] [Trainer] RESULT OLS-3+H: R2_OOS=-0.00671 | RMSE=0.19264
[2026-02-08 16:18:56] [INFO] [Trainer] --- STARTING EXPERIMENT: ENet+H ---
[2026-02-08 16:18:56] [INFO] [Trainer] Time Split: 2008-12-31 | Train: 2698578 | Test: 582122
[2026-02-08 16:18:57] [INFO] [Trainer]    > Tuning ENet+H with Optuna (1 trials)...
[2026-02-08 16:23:30] [INFO] [Trainer]    > Study Best Value: -1768.55945
[2026-02-08 16:23:30] [INFO] [Trainer]    > Study Best Params: {'alpha': 0.0001449305120426439, 'l1_ratio': 0.3084485904212455}
[2026-02-08 16:23:30] [INFO] [Trainer]    > Saved best params to data/params\ENet+H.json
[2026-02-08 16:23:30] [INFO] [Trainer]    > Training Final Model (ENet+H)...
[2026-02-08 16:30:27] [INFO] [Trainer] RESULT ENet+H: R2_OOS=-4619835392.00000 | RMSE=13050.23895
[2026-02-08 16:30:27] [INFO] [Trainer] --- STARTING EXPERIMENT: PCR ---
[2026-02-08 16:30:27] [INFO] [Trainer] Time Split: 2008-12-31 | Train: 2698578 | Test: 582122
[2026-02-08 16:30:28] [INFO] [Trainer]    > Tuning PCR with Optuna (1 trials)...
[2026-02-08 16:30:37] [INFO] [Trainer]    > Study Best Value: 0.00113
[2026-02-08 16:30:37] [INFO] [Trainer]    > Study Best Params: {'n_components': 39}
[2026-02-08 16:30:37] [INFO] [Trainer]    > Saved best params to data/params\PCR.json
[2026-02-08 16:30:37] [INFO] [Trainer]    > Training Final Model (PCR)...
[2026-02-08 16:30:43] [INFO] [Trainer] RESULT PCR: R2_OOS=0.00428 | RMSE=0.19159
[2026-02-08 16:32:43] [INFO] [Trainer] --- STARTING EXPERIMENT: OLS+H ---
[2026-02-08 16:32:43] [INFO] [Trainer] Time Split: 2008-12-31 | Train: 2698578 | Test: 582122
[2026-02-08 16:32:43] [INFO] [Trainer]    > Tuning OLS+H with Optuna (29 trials)...
[2026-02-08 17:51:56] [INFO] [Trainer] --- STARTING EXPERIMENT: OLS+H ---
[2026-02-08 17:51:56] [INFO] [Trainer] Time Split: 2008-12-31 | Train: 2698578 | Test: 582122
[2026-02-08 17:51:57] [INFO] [Trainer]    > Tuning OLS+H with Optuna (30 trials)...
[2026-02-08 17:51:58] [INFO] [Trainer]    > Resuming study. Existing: 11. Running 19 more...
[2026-02-08 20:54:37] [INFO] [Trainer]    > Study Best Value: -0.00066
[2026-02-08 20:54:37] [INFO] [Trainer]    > Study Best Params: {'epsilon': 1.8924065711905984, 'alpha': 0.0018531712951033571}
[2026-02-08 20:54:37] [INFO] [Trainer]    > Saved best params to data/params\OLS+H.json
[2026-02-08 20:54:37] [INFO] [Trainer]    > Training Final Model (OLS+H)...
[2026-02-08 21:00:13] [INFO] [Trainer] RESULT OLS+H: R2_OOS=-0.00642 | RMSE=0.19262
[2026-02-08 21:00:13] [INFO] [Trainer] --- STARTING EXPERIMENT: OLS-3+H ---
[2026-02-08 21:00:13] [INFO] [Trainer] Time Split: 2008-12-31 | Train: 2698578 | Test: 582122
[2026-02-08 21:00:34] [INFO] [Trainer]    > Tuning OLS-3+H with Optuna (30 trials)...
[2026-02-08 21:00:34] [INFO] [Trainer]    > Resuming study. Existing: 1. Running 29 more...
[2026-02-08 22:23:31] [INFO] [Trainer] --- STARTING EXPERIMENT: OLS+H ---
[2026-02-08 22:23:32] [INFO] [Trainer] Time Split: 2008-12-31 | Train: 2698578 | Test: 582122
[2026-02-08 22:23:33] [INFO] [Trainer]    > Tuning OLS+H with Optuna (30 trials)...
[2026-02-08 22:23:34] [INFO] [Trainer]    > Study already has 30 trials (Target: 30). Skipping tuning.
[2026-02-08 22:23:34] [INFO] [Trainer]    > Saved best params to data/params\OLS+H.json
[2026-02-08 22:23:34] [INFO] [Trainer]    > Training Final Model (OLS+H)...
[2026-02-08 23:06:18] [INFO] [Trainer] --- STARTING EXPERIMENT: OLS+H ---
[2026-02-08 23:06:18] [INFO] [Trainer] Time Split: 2008-12-31 | Train: 2698578 | Test: 582122
[2026-02-08 23:06:19] [INFO] [Trainer]    > Loaded persisted params from data/params\OLS+H.json
[2026-02-08 23:06:19] [INFO] [Trainer]    > Training Final Model (OLS+H)...
